2025-04-30 16:58:06,638 - scapy.runtime - WARNING - No libpcap provider available ! pcap won't be used
2025-04-30 16:58:15,330 - scapy.runtime - WARNING - No libpcap provider available ! pcap won't be used
2025-04-30 16:58:25,679 - root - ERROR - Error in perform_arp_scan: Sniffing and sending packets is not available at layer 2: winpcap is not installed. You may use conf.L3socket orconf.L3socket6 to access layer 3
2025-05-25 20:06:30,043 - root - INFO - Starting WiFi Scanner v2.0 on Windows 11 with Python 3.13.3
2025-05-25 20:06:45,379 - root - ERROR - Error installing dependencies: Command '['C:\\Users\\kyusu\\AppData\\Local\\Microsoft\\WindowsApps\\PythonSoftwareFoundation.Python.3.13_qbz5n2kfra8p0\\python.exe', '-m', 'pip', 'install', '-r', 'requirements.txt']' returned non-zero exit status 1.
2025-05-25 20:07:44,571 - root - INFO - Starting WiFi Scanner v2.0 on Windows 11 with Python 3.13.3
2025-05-25 20:08:33,517 - root - ERROR - Error installing dependencies: Command '['C:\\Users\\kyusu\\AppData\\Local\\Microsoft\\WindowsApps\\PythonSoftwareFoundation.Python.3.13_qbz5n2kfra8p0\\python.exe', '-m', 'pip', 'install', '-r', 'requirements.txt']' returned non-zero exit status 1.
2025-05-25 20:18:59,792 - root - INFO - Starting WiFi Scanner v2.0 on Windows 11 with Python 3.13.3
2025-05-25 20:19:03,925 - root - WARNING - Optional modules missing: ['pillow', 'netifaces', 'python-nmap']
2025-05-25 20:19:04,216 - root - ERROR - Unexpected error: [WinError 5] Eriþim engellendi: 'C:\\Users\\kyusu\\.cache\\scapy\\services'
2025-05-25 20:19:17,856 - root - INFO - Starting WiFi Scanner v2.0 on Windows 11 with Python 3.13.3
2025-05-25 20:19:18,621 - root - WARNING - Optional modules missing: ['pillow', 'netifaces', 'python-nmap']
2025-05-25 20:19:20,527 - root - WARNING - Libpcap not available. Some features may not work correctly.
2025-05-25 20:19:34,432 - matplotlib.font_manager - INFO - generated new fontManager
2025-05-25 20:25:04,187 - root - INFO - Starting WiFi Scanner v2.0 on Windows 11 with Python 3.13.3
2025-05-25 20:25:07,824 - root - WARNING - Optional modules missing: ['pillow', 'netifaces', 'python-nmap']
2025-05-25 20:25:07,963 - root - ERROR - Error checking libpcap: [WinError 5] Eriþim engellendi: 'C:\\Users\\kyusu\\.cache\\scapy\\services'
2025-05-25 20:25:19,106 - root - INFO - Starting WiFi Scanner v2.0 on Windows 11 with Python 3.13.3
2025-05-25 20:25:19,825 - root - WARNING - Optional modules missing: ['pillow', 'netifaces', 'python-nmap']
2025-05-25 20:25:20,328 - root - WARNING - Libpcap not available. Using alternative scanning methods.
2025-05-25 20:25:21,468 - root - WARNING - Continuing without libpcap. Using alternative scanning methods.
2025-05-25 20:25:32,758 - network_scanner.scanner - WARNING - Libpcap not available. ARP scan may not be fully functional.
2025-05-25 20:25:32,759 - network_scanner.scanner - INFO - Starting ARP scan on 169.254.174.0/24
2025-05-25 20:25:32,759 - network_scanner.scanner - ERROR - Error in perform_arp_scan: Sniffing and sending packets is not available at layer 2: winpcap is not installed. You may use conf.L3socket or conf.L3socket6 to access layer 3
2025-05-25 20:25:52,626 - network_scanner.scanner - WARNING - Libpcap not available. ARP scan may not be fully functional.
2025-05-25 20:25:52,627 - network_scanner.scanner - INFO - Starting ARP scan on 10.5.50.0/24
2025-05-25 20:25:52,627 - network_scanner.scanner - ERROR - Error in perform_arp_scan: Sniffing and sending packets is not available at layer 2: winpcap is not installed. You may use conf.L3socket or conf.L3socket6 to access layer 3
2025-05-25 20:26:07,546 - network_scanner.scanner - WARNING - Libpcap not available. ARP scan may not be fully functional.
2025-05-25 20:26:07,546 - network_scanner.scanner - INFO - Starting ARP scan on 169.254.31.0/24
2025-05-25 20:26:07,547 - network_scanner.scanner - ERROR - Error in perform_arp_scan: Sniffing and sending packets is not available at layer 2: winpcap is not installed. You may use conf.L3socket or conf.L3socket6 to access layer 3
2025-05-25 20:26:41,406 - root - INFO - Starting WiFi Scanner v2.0 on Windows 11 with Python 3.13.3
2025-05-25 20:26:42,032 - matplotlib - DEBUG - matplotlib data path: C:\Users\kyusu\AppData\Local\Packages\PythonSoftwareFoundation.Python.3.13_qbz5n2kfra8p0\LocalCache\local-packages\Python313\site-packages\matplotlib\mpl-data
2025-05-25 20:26:42,043 - matplotlib - DEBUG - CONFIGDIR=C:\Users\kyusu\.matplotlib
2025-05-25 20:26:42,045 - matplotlib - DEBUG - interactive is False
2025-05-25 20:26:42,045 - matplotlib - DEBUG - platform is win32
2025-05-25 20:26:42,063 - root - WARNING - Optional modules missing: ['pillow', 'netifaces', 'python-nmap']
2025-05-25 20:26:42,611 - root - WARNING - Libpcap not available. Using alternative scanning methods.
2025-05-25 20:26:44,439 - root - WARNING - Continuing without libpcap. Using alternative scanning methods.
2025-05-25 20:26:44,500 - matplotlib - DEBUG - CACHEDIR=C:\Users\kyusu\.matplotlib
2025-05-25 20:26:44,503 - matplotlib.font_manager - DEBUG - Using fontManager instance from C:\Users\kyusu\.matplotlib\fontlist-v390.json
2025-05-25 20:26:56,817 - network_scanner.scanner - WARNING - Libpcap not available. ARP scan may not be fully functional.
2025-05-25 20:26:56,818 - network_scanner.scanner - INFO - Starting ARP scan on 10.5.50.0/24
2025-05-25 20:26:56,818 - network_scanner.scanner - ERROR - Error in perform_arp_scan: Sniffing and sending packets is not available at layer 2: winpcap is not installed. You may use conf.L3socket or conf.L3socket6 to access layer 3
2025-05-25 20:27:11,963 - network_scanner.scanner - WARNING - Libpcap not available. ARP scan may not be fully functional.
2025-05-25 20:27:11,964 - network_scanner.scanner - INFO - Starting ARP scan on 169.254.98.0/24
2025-05-25 20:27:11,964 - network_scanner.scanner - ERROR - Error in perform_arp_scan: Sniffing and sending packets is not available at layer 2: winpcap is not installed. You may use conf.L3socket or conf.L3socket6 to access layer 3
2025-05-25 20:27:21,081 - network_scanner.scanner - WARNING - Libpcap not available. ARP scan may not be fully functional.
2025-05-25 20:27:21,082 - network_scanner.scanner - INFO - Starting ARP scan on 169.254.112.0/24
2025-05-25 20:27:21,082 - network_scanner.scanner - ERROR - Error in perform_arp_scan: Sniffing and sending packets is not available at layer 2: winpcap is not installed. You may use conf.L3socket or conf.L3socket6 to access layer 3
2025-05-25 20:27:21,337 - network_scanner.scanner - WARNING - Libpcap not available. ARP scan may not be fully functional.
2025-05-25 20:27:21,338 - network_scanner.scanner - INFO - Starting ARP scan on 169.254.112.0/24
2025-05-25 20:27:21,338 - network_scanner.scanner - ERROR - Error in perform_arp_scan: Sniffing and sending packets is not available at layer 2: winpcap is not installed. You may use conf.L3socket or conf.L3socket6 to access layer 3
2025-05-25 20:27:25,445 - network_scanner.scanner - WARNING - Libpcap not available. ARP scan may not be fully functional.
2025-05-25 20:27:25,445 - network_scanner.scanner - INFO - Starting ARP scan on 10.5.50.0/24
2025-05-25 20:27:25,446 - network_scanner.scanner - ERROR - Error in perform_arp_scan: Sniffing and sending packets is not available at layer 2: winpcap is not installed. You may use conf.L3socket or conf.L3socket6 to access layer 3
2025-05-25 20:27:25,645 - network_scanner.scanner - WARNING - Libpcap not available. ARP scan may not be fully functional.
2025-05-25 20:27:25,646 - network_scanner.scanner - INFO - Starting ARP scan on 10.5.50.0/24
2025-05-25 20:27:25,646 - network_scanner.scanner - ERROR - Error in perform_arp_scan: Sniffing and sending packets is not available at layer 2: winpcap is not installed. You may use conf.L3socket or conf.L3socket6 to access layer 3
2025-05-25 20:27:25,814 - network_scanner.scanner - WARNING - Libpcap not available. ARP scan may not be fully functional.
2025-05-25 20:27:25,815 - network_scanner.scanner - INFO - Starting ARP scan on 10.5.50.0/24
2025-05-25 20:27:25,816 - network_scanner.scanner - ERROR - Error in perform_arp_scan: Sniffing and sending packets is not available at layer 2: winpcap is not installed. You may use conf.L3socket or conf.L3socket6 to access layer 3
